<?xml version="1.0" encoding="UTF-8"?>
<!-- Generated by org.testng.reporters.JUnitReportReporter -->
<testsuite hostname="LAPTOP-MPMJTA5B" failures="0" tests="1" name="Book.Tc_dws_001_test" time="7.945" errors="0" timestamp="2025-04-12T13:43:37 IST" skipped="0">
  <testcase classname="Book.Tc_dws_001_test" name="ClickonBooks" time="7.945"/>
  <system-out/>
</testsuite> <!-- Book.Tc_dws_001_test -->
