<?xml version="1.0" encoding="UTF-8"?>
<!-- Generated by org.testng.reporters.JUnitReportReporter -->
<testsuite hostname="LAPTOP-MPMJTA5B" failures="0" tests="1" name="Computer.Tc_dws_003_test2" time="6.890" errors="0" timestamp="2025-04-12T14:09:47 IST" skipped="0">
  <testcase classname="Computer.Tc_dws_003_test2" name="clickOnelectronic" time="6.890"/>
  <system-out/>
</testsuite> <!-- Computer.Tc_dws_003_test2 -->
