<?xml version="1.0" encoding="UTF-8"?>
<!-- Generated by org.testng.reporters.JUnitReportReporter -->
<testsuite hostname="LAPTOP-MPMJTA5B" failures="0" tests="1" name="Computer.Tc_dws_002_test" time="5.529" errors="0" timestamp="2025-04-12T13:54:39 IST" skipped="0">
  <testcase classname="Computer.Tc_dws_002_test" name="clickonComputerLink" time="5.529"/>
  <system-out/>
</testsuite> <!-- Computer.Tc_dws_002_test -->
