<?xml version="1.0" encoding="UTF-8"?>
<!-- Generated by org.testng.reporters.JUnitReportReporter -->
<testsuite hostname="LAPTOP-MPMJTA5B" failures="0" tests="1" name="giftcards.Tc_dws_004_test" time="4.329" errors="0" timestamp="2025-04-12T14:18:09 IST" skipped="0">
  <testcase classname="giftcards.Tc_dws_004_test" name="clickOnGiftCards" time="4.329"/>
  <system-out/>
</testsuite> <!-- giftcards.Tc_dws_004_test -->
